<?xml version="1.0" encoding="UTF-8"?>
<!-- Generated by org.testng.reporters.JUnitReportReporter -->
<testsuite skipped="0" hostname="WIN-NFDCINOH1RK" name="hdcdemoclass.testcases" tests="1" failures="0" timestamp="2020-02-06T05:17:37 UTC" time="7.819" errors="0">
  <testcase name="computer_web" time="7.819" classname="hdcdemoclass.testcases"/>
</testsuite> <!-- hdcdemoclass.testcases -->
