<?xml version="1.0" encoding="UTF-8"?>
<!-- Generated by org.testng.reporters.JUnitReportReporter -->
<testsuite skipped="0" hostname="WIN-NFDCINOH1RK" name="hdcdemoclass.xmparam" tests="2" failures="0" timestamp="2020-02-06T06:42:54 UTC" time="0.016" errors="0">
  <testcase name="f" time="0.016" classname="hdcdemoclass.xmparam"/>
  <testcase name="f1" time="0.000" classname="hdcdemoclass.xmparam"/>
</testsuite> <!-- hdcdemoclass.xmparam -->
