<?xml version="1.0" encoding="UTF-8"?>
<!-- Generated by org.testng.reporters.JUnitReportReporter -->
<testsuite skipped="3" hostname="WIN-NFDCINOH1RK" name="hdcdemoclass.google1" tests="4" failures="0" timestamp="2020-02-07T09:57:12 UTC" time="12.640" errors="0">
  <testcase name="dnd" time="12.640" classname="hdcdemoclass.google1"/>
  <testcase name="spicejet" classname="hdcdemoclass.google1">
    <skipped/>
  </testcase> <!-- spicejet -->
  <testcase name="accenture" classname="hdcdemoclass.google1">
    <skipped/>
  </testcase> <!-- accenture -->
  <testcase name="gmail" classname="hdcdemoclass.google1">
    <skipped/>
  </testcase> <!-- gmail -->
</testsuite> <!-- hdcdemoclass.google1 -->
