<?xml version="1.0" encoding="UTF-8"?>
<!-- Generated by org.testng.reporters.JUnitReportReporter -->
<testsuite skipped="0" hostname="WIN-NFDCINOH1RK" name="hdcdemoclass.register_web" tests="3" failures="0" timestamp="2020-02-05T11:00:57 UTC" time="26.981" errors="0">
  <testcase name="f" time="7.734" classname="hdcdemoclass.register_web"/>
  <testcase name="f" time="8.681" classname="hdcdemoclass.register_web"/>
  <testcase name="f" time="10.566" classname="hdcdemoclass.register_web"/>
</testsuite> <!-- hdcdemoclass.register_web -->
