<?xml version="1.0" encoding="UTF-8"?>
<!-- Generated by org.testng.reporters.JUnitReportReporter -->
<testsuite skipped="0" hostname="WIN-NFDCINOH1RK" name="hdcdemoclass.testme_add" tests="1" failures="0" timestamp="2020-02-10T09:39:45 UTC" time="3.647" errors="0">
  <testcase name="f" time="3.647" classname="hdcdemoclass.testme_add"/>
</testsuite> <!-- hdcdemoclass.testme_add -->
