<?xml version="1.0" encoding="UTF-8"?>
<!-- Generated by org.testng.reporters.JUnitReportReporter -->
<testsuite skipped="0" hostname="WIN-NFDCINOH1RK" name="hdcdemoclass.annotations" tests="2" failures="0" timestamp="2020-02-06T08:37:48 UTC" time="0.000" errors="0">
  <testcase name="Register" time="0.000" classname="hdcdemoclass.annotations"/>
  <testcase name="Login" time="0.000" classname="hdcdemoclass.annotations"/>
</testsuite> <!-- hdcdemoclass.annotations -->
