<?xml version="1.0" encoding="UTF-8"?>
<!-- Generated by org.testng.reporters.JUnitReportReporter -->
<testsuite skipped="0" hostname="WIN-NFDCINOH1RK" name="hdcdemoclass.Testngdemo1" tests="3" failures="0" timestamp="2020-02-04T09:39:21 UTC" time="0.014" errors="0">
  <testcase name="login" time="0.012" classname="hdcdemoclass.Testngdemo1"/>
  <testcase name="logout" time="0.001" classname="hdcdemoclass.Testngdemo1"/>
  <testcase name="registration" time="0.001" classname="hdcdemoclass.Testngdemo1"/>
</testsuite> <!-- hdcdemoclass.Testngdemo1 -->
