<?xml version="1.0" encoding="UTF-8"?>
<!-- Generated by org.testng.reporters.JUnitReportReporter -->
<testsuite skipped="0" hostname="WIN-NFDCINOH1RK" name="hdcdemoclass.drivertest" tests="1" failures="0" timestamp="2020-02-06T05:17:37 UTC" time="4.270" errors="0">
  <testcase name="f" time="4.270" classname="hdcdemoclass.drivertest"/>
</testsuite> <!-- hdcdemoclass.drivertest -->
