<?xml version="1.0" encoding="UTF-8"?>
<!-- Generated by org.testng.reporters.JUnitReportReporter -->
<testsuite skipped="0" hostname="WIN-NFDCINOH1RK" name="hdcdemoclass.excel" tests="1" failures="0" timestamp="2020-02-06T11:58:57 UTC" time="1.297" errors="0">
  <testcase name="f" time="1.297" classname="hdcdemoclass.excel"/>
</testsuite> <!-- hdcdemoclass.excel -->
