<?xml version="1.0" encoding="UTF-8"?>
<!-- Generated by org.testng.reporters.JUnitReportReporter -->
<testsuite skipped="0" hostname="WIN-NFDCINOH1RK" name="hdcdemoclass.xmfb" tests="3" failures="0" timestamp="2020-02-06T06:28:55 UTC" time="0.015" errors="0">
  <testcase name="Logout" time="0.000" classname="hdcdemoclass.xmfb"/>
  <testcase name="Regestration" time="0.000" classname="hdcdemoclass.xmfb"/>
  <testcase name="Login" time="0.015" classname="hdcdemoclass.xmfb"/>
</testsuite> <!-- hdcdemoclass.xmfb -->
